<component name="org.nuxeo.ecm.platform.authenticator.portal.sso.config">

    <require>org.nuxeo.ecm.automation.server.auth.config</require>

    <extension point="specificChains" target="org.nuxeo.ecm.platform.ui.web.auth.service.PluggableAuthenticationService">
        <specificAuthenticationChain name="Automation">
            <urlPatterns>
                <url>(.*)/automation.*</url>
            </urlPatterns>
            <replacementChain>
                <plugin>AUTOMATION_BASIC_AUTH</plugin>
                <plugin>PORTAL_AUTH</plugin>
            </replacementChain>
        </specificAuthenticationChain>
    </extension>

</component>
