<?xml version="1.0"?>
<component name="org.nuxeo.java.client.test.doctypes">

  <require>org.nuxeo.ecm.core.CoreExtensions</require>

  <extension target="org.nuxeo.ecm.core.schema.TypeService" point="schema">
    <schema name="birthday" src="schemas/birthday.xsd" prefix="bd" />
  </extension>

  <extension target="org.nuxeo.ecm.core.schema.TypeService" point="doctype">
    <doctype name="Birthday" extends="Document">
      <schema name="dublincore" />
      <schema name="birthday" />
    </doctype>
  </extension>

</component>
